42.0 APEX_CODE,FINEST;APEX_PROFILING,INFO;CALLOUT,INFO;DB,INFO;SYSTEM,DEBUG;VALIDATION,INFO;VISUALFORCE,INFO;WAVE,INFO;WORKFLOW,INFO
17:01:13.0 (71478)|USER_INFO|[EXTERNAL]|005f40000025hKK|devorg@training.alti|Argentine Time|GMT-03:00
17:01:13.0 (106755)|EXECUTION_STARTED
17:01:13.0 (111821)|CODE_UNIT_STARTED|[EXTERNAL]|Aura
17:01:13.0 (1643773)|CODE_UNIT_STARTED|[EXTERNAL]|01pf400000GeI1Z|PostController.discardPost
17:01:13.0 (1872520)|HEAP_ALLOCATE|[72]|Bytes:3
17:01:13.0 (1939617)|HEAP_ALLOCATE|[77]|Bytes:152
17:01:13.0 (1954948)|HEAP_ALLOCATE|[342]|Bytes:408
17:01:13.0 (1967689)|HEAP_ALLOCATE|[355]|Bytes:408
17:01:13.0 (1978298)|HEAP_ALLOCATE|[467]|Bytes:48
17:01:13.0 (2006231)|HEAP_ALLOCATE|[139]|Bytes:6
17:01:13.0 (2037832)|HEAP_ALLOCATE|[EXTERNAL]|Bytes:15
17:01:13.0 (2071462)|METHOD_ENTRY|[1]|01pf400000GeI1Z|PostController.PostController()
17:01:13.0 (2084774)|STATEMENT_EXECUTE|[1]
17:01:13.0 (2091264)|STATEMENT_EXECUTE|[1]
17:01:13.0 (2124496)|HEAP_ALLOCATE|[50]|Bytes:5
17:01:13.0 (2149298)|HEAP_ALLOCATE|[56]|Bytes:5
17:01:13.0 (2157104)|HEAP_ALLOCATE|[64]|Bytes:7
17:01:13.0 (2180861)|SYSTEM_MODE_ENTER|false
17:01:13.0 (2196741)|HEAP_ALLOCATE|[EXTERNAL]|Bytes:5
17:01:13.0 (2204551)|SYSTEM_MODE_EXIT|false
17:01:13.0 (2213814)|METHOD_EXIT|[1]|PostController
17:01:13.0 (2227452)|HEAP_ALLOCATE|[EXTERNAL]|Bytes:24
17:01:13.0 (2238358)|SYSTEM_MODE_ENTER|false
17:01:13.0 (2248304)|VARIABLE_SCOPE_BEGIN|[33]|post|Post__c|true|false
17:01:13.0 (2285195)|VARIABLE_ASSIGNMENT|[33]|post|{"Tag__c":"someTag","Id":"a01f400000Gq1QXAAZ","Status__c":"Draft","Content__c":"","Title__c":"test submit"}|0x759c6b2f
17:01:13.0 (2303073)|HEAP_ALLOCATE|[34]|Bytes:5
17:01:13.0 (2308843)|STATEMENT_EXECUTE|[33]
17:01:13.0 (2310891)|STATEMENT_EXECUTE|[34]
17:01:13.0 (2338351)|HEAP_ALLOCATE|[34]|Bytes:8
17:01:13.0 (2354172)|HEAP_ALLOCATE|[34]|Bytes:8
17:01:13.0 (2362174)|DML_BEGIN|[34]|Op:Delete|Type:Post__c|Rows:1
17:01:13.0 (2396018)|HEAP_ALLOCATE|[EXTERNAL]|Bytes:8
17:01:13.0 (93475060)|DML_END|[34]
17:01:13.0 (93521946)|SYSTEM_MODE_EXIT|false
17:01:13.97 (97023758)|CUMULATIVE_LIMIT_USAGE
17:01:13.97 (97023758)|LIMIT_USAGE_FOR_NS|(default)|
  Number of SOQL queries: 0 out of 100
  Number of query rows: 0 out of 50000
  Number of SOSL queries: 0 out of 20
  Number of DML statements: 1 out of 150
  Number of DML rows: 1 out of 10000
  Maximum CPU time: 0 out of 10000
  Maximum heap size: 0 out of 6000000
  Number of callouts: 0 out of 100
  Number of Email Invocations: 0 out of 10
  Number of future calls: 0 out of 50
  Number of queueable jobs added to the queue: 0 out of 50
  Number of Mobile Apex push calls: 0 out of 10

17:01:13.97 (97023758)|CUMULATIVE_LIMIT_USAGE_END

17:01:13.0 (97064824)|CODE_UNIT_FINISHED|PostController.discardPost
17:01:13.0 (97138871)|CODE_UNIT_FINISHED|Aura
17:01:13.0 (98019349)|EXECUTION_FINISHED
