42.0 APEX_CODE,FINEST;APEX_PROFILING,INFO;CALLOUT,INFO;DB,INFO;SYSTEM,DEBUG;VALIDATION,INFO;VISUALFORCE,INFO;WAVE,INFO;WORKFLOW,INFO
17:00:33.0 (74662)|USER_INFO|[EXTERNAL]|005f40000025hKK|devorg@training.alti|Argentine Time|GMT-03:00
17:00:33.0 (114465)|EXECUTION_STARTED
17:00:33.0 (119042)|CODE_UNIT_STARTED|[EXTERNAL]|Aura
17:00:33.0 (1524425)|CODE_UNIT_STARTED|[EXTERNAL]|01pf400000GeI1Z|PostController.changePostStatus
17:00:33.0 (1764672)|HEAP_ALLOCATE|[72]|Bytes:3
17:00:33.0 (1807791)|HEAP_ALLOCATE|[77]|Bytes:152
17:00:33.0 (1823409)|HEAP_ALLOCATE|[342]|Bytes:408
17:00:33.0 (1835816)|HEAP_ALLOCATE|[355]|Bytes:408
17:00:33.0 (1846597)|HEAP_ALLOCATE|[467]|Bytes:48
17:00:33.0 (1873516)|HEAP_ALLOCATE|[139]|Bytes:6
17:00:33.0 (1888887)|HEAP_ALLOCATE|[EXTERNAL]|Bytes:15
17:00:33.0 (1898268)|METHOD_ENTRY|[1]|01pf400000GeI1Z|PostController.PostController()
17:00:33.0 (1905951)|STATEMENT_EXECUTE|[1]
17:00:33.0 (1911617)|STATEMENT_EXECUTE|[1]
17:00:33.0 (1942259)|HEAP_ALLOCATE|[50]|Bytes:5
17:00:33.0 (1965691)|HEAP_ALLOCATE|[56]|Bytes:5
17:00:33.0 (1972821)|HEAP_ALLOCATE|[64]|Bytes:7
17:00:33.0 (1997739)|SYSTEM_MODE_ENTER|false
17:00:33.0 (2012870)|HEAP_ALLOCATE|[EXTERNAL]|Bytes:5
17:00:33.0 (2021450)|SYSTEM_MODE_EXIT|false
17:00:33.0 (2030981)|METHOD_EXIT|[1]|PostController
17:00:33.0 (2045893)|HEAP_ALLOCATE|[EXTERNAL]|Bytes:24
17:00:33.0 (2056467)|SYSTEM_MODE_ENTER|false
17:00:33.0 (2064651)|VARIABLE_SCOPE_BEGIN|[38]|post|Post__c|true|false
17:00:33.0 (2098364)|VARIABLE_ASSIGNMENT|[38]|post|{"Tag__c":"someTag","Id":"a01f400000Gq1QXAAZ","Status__c":"Draft","Content__c":"","Title__c":"test submit"}|0x37dff386
17:00:33.0 (2117125)|HEAP_ALLOCATE|[39]|Bytes:5
17:00:33.0 (2122277)|STATEMENT_EXECUTE|[38]
17:00:33.0 (2154716)|HEAP_ALLOCATE|[39]|Bytes:5
17:00:33.0 (2183256)|STATEMENT_EXECUTE|[39]
17:00:33.0 (2185130)|STATEMENT_EXECUTE|[40]
17:00:33.0 (2188821)|HEAP_ALLOCATE|[40]|Bytes:12
17:00:33.0 (2243313)|VARIABLE_ASSIGNMENT|[40]|this.Status__c|"Under Review"|0x37dff386
17:00:33.0 (2250454)|STATEMENT_EXECUTE|[46]
17:00:33.0 (2278959)|HEAP_ALLOCATE|[46]|Bytes:8
17:00:33.0 (2287404)|DML_BEGIN|[46]|Op:Update|Type:Post__c|Rows:1
17:00:33.0 (2320625)|HEAP_ALLOCATE|[EXTERNAL]|Bytes:8
17:00:33.0 (11761203)|CODE_UNIT_STARTED|[EXTERNAL]|01qf4000001MAVb|statusChangeTrigger on Post trigger event BeforeUpdate
17:00:33.0 (11803998)|HEAP_ALLOCATE|[EXTERNAL]|Bytes:8
17:00:33.0 (11836665)|HEAP_ALLOCATE|[EXTERNAL]|Bytes:8
17:00:33.0 (11930846)|HEAP_ALLOCATE|[EXTERNAL]|Bytes:4
17:00:33.0 (11943028)|VARIABLE_SCOPE_BEGIN|[1]|this|statusChangeTrigger|true|false
17:00:33.0 (11988055)|VARIABLE_ASSIGNMENT|[1]|this|{}|0x7d963012
17:00:33.0 (12045483)|HEAP_ALLOCATE|[EXTERNAL]|Bytes:4
17:00:33.0 (12053643)|VARIABLE_SCOPE_BEGIN|[1]|this|statusChangeTrigger|true|false
17:00:33.0 (12067407)|VARIABLE_ASSIGNMENT|[1]|this|{}|0x7d963012
17:00:33.0 (12075908)|STATEMENT_EXECUTE|[1]
17:00:33.0 (12318924)|HEAP_ALLOCATE|[2]|Bytes:5
17:00:33.0 (12340716)|HEAP_ALLOCATE|[2]|Bytes:4
17:00:33.0 (12349139)|VARIABLE_SCOPE_BEGIN|[2]|p|Post__c|true|false
17:00:33.0 (12583642)|VARIABLE_ASSIGNMENT|[2]|p|{"LastModifiedDate":"2018-05-31T20:00:30.000Z","IsDeleted":false,"OwnerId":"005f40000025hKKAAY","CreatedById":"005f40000025hKKAAY","Tag__c":"someTag","CreatedDate":"2018-05-31T20:00:30.000Z","Id":"a01f400000Gq1QXAAZ","Status__c":"Under Review","LastModifiedById":"005f40000025hKKAAY","Name":"a01f400000Gq1QX","SystemModstamp":"2018-05-31T20:00:30.000Z","Title__c":"test submit"}|0x38a5bc69
17:00:33.0 (12597313)|STATEMENT_EXECUTE|[2]
17:00:33.0 (12630922)|STATEMENT_EXECUTE|[5]
17:00:33.0 (12632987)|STATEMENT_EXECUTE|[6]
17:00:33.0 (12636349)|HEAP_ALLOCATE|[6]|Bytes:5
17:00:33.0 (12751047)|VARIABLE_ASSIGNMENT|[6]|this.Status__c|"Ready"|0x38a5bc69
17:00:33.0 (12775872)|HEAP_ALLOCATE|[2]|Bytes:5
17:00:33.0 (12790795)|VARIABLE_ASSIGNMENT|[2]|p|null|
17:00:33.12 (12800715)|CUMULATIVE_LIMIT_USAGE
17:00:33.12 (12800715)|LIMIT_USAGE_FOR_NS|(default)|
  Number of SOQL queries: 0 out of 100
  Number of query rows: 0 out of 50000
  Number of SOSL queries: 0 out of 20
  Number of DML statements: 1 out of 150
  Number of DML rows: 1 out of 10000
  Maximum CPU time: 0 out of 10000
  Maximum heap size: 0 out of 6000000
  Number of callouts: 0 out of 100
  Number of Email Invocations: 0 out of 10
  Number of future calls: 0 out of 50
  Number of queueable jobs added to the queue: 0 out of 50
  Number of Mobile Apex push calls: 0 out of 10

17:00:33.12 (12800715)|CUMULATIVE_LIMIT_USAGE_END

17:00:33.0 (13680313)|CODE_UNIT_FINISHED|statusChangeTrigger on Post trigger event BeforeUpdate
17:00:33.0 (26397352)|DML_END|[46]
17:00:33.0 (26442381)|SYSTEM_MODE_EXIT|false
17:00:33.28 (28712972)|CUMULATIVE_LIMIT_USAGE
17:00:33.28 (28712972)|LIMIT_USAGE_FOR_NS|(default)|
  Number of SOQL queries: 0 out of 100
  Number of query rows: 0 out of 50000
  Number of SOSL queries: 0 out of 20
  Number of DML statements: 1 out of 150
  Number of DML rows: 1 out of 10000
  Maximum CPU time: 0 out of 10000
  Maximum heap size: 0 out of 6000000
  Number of callouts: 0 out of 100
  Number of Email Invocations: 0 out of 10
  Number of future calls: 0 out of 50
  Number of queueable jobs added to the queue: 0 out of 50
  Number of Mobile Apex push calls: 0 out of 10

17:00:33.28 (28712972)|CUMULATIVE_LIMIT_USAGE_END

17:00:33.0 (28752362)|CODE_UNIT_FINISHED|PostController.changePostStatus
17:00:33.0 (28829105)|CODE_UNIT_FINISHED|Aura
17:00:33.0 (29893060)|EXECUTION_FINISHED
